<?xml version="1.0" encoding="UTF-8"?>
<!-- Generated by org.testng.reporters.JUnitReportReporter -->
<testsuite hostname="DUB-MAC015376.local" failures="0" tests="2" name="tests.ExpediaTestSuite" time="17.396" errors="0" timestamp="25 Jan 2020 12:49:03 GMT" skipped="0">
  <testcase classname="tests.ExpediaTestSuite" name="TC002" time="13.312"/>
  <testcase classname="tests.ExpediaTestSuite" name="TC001" time="4.084"/>
</testsuite> <!-- tests.ExpediaTestSuite -->
